2024-11-04 14:09:25.647 [info] Extension host with pid 1572 started
2024-11-04 14:09:25.647 [error] Error: EEXIST: file already exists, open '/home/blackjack/.vscode-server/data/User/workspaceStorage/9bca88e4c3bff3dc461c44d989168a4c/vscode.lock'
2024-11-04 14:09:25.679 [info] Lock '/home/blackjack/.vscode-server/data/User/workspaceStorage/9bca88e4c3bff3dc461c44d989168a4c/vscode.lock': Could not acquire lock, checking if the file is stale.
2024-11-04 14:09:25.877 [info] ExtensionService#_doActivateExtension vscode.emmet, startup: false, activationEvent: 'onLanguage'
2024-11-04 14:09:25.885 [info] ExtensionService#_doActivateExtension vscode.tunnel-forwarding, startup: false, activationEvent: 'onTunnel'
2024-11-04 14:09:25.889 [info] ExtensionService#_doActivateExtension ms-python.python, startup: false, activationEvent: 'onLanguage:python', root cause: ms-python.debugpy
2024-11-04 14:09:25.892 [info] ExtensionService#_doActivateExtension vscode.git-base, startup: false, activationEvent: '*', root cause: vscode.git
2024-11-04 14:09:30.237 [info] Lock '/home/blackjack/.vscode-server/data/User/workspaceStorage/9bca88e4c3bff3dc461c44d989168a4c/vscode.lock': The pid 20159 appears to be gone.
2024-11-04 14:09:30.238 [info] Lock '/home/blackjack/.vscode-server/data/User/workspaceStorage/9bca88e4c3bff3dc461c44d989168a4c/vscode.lock': Deleting a stale lock.
2024-11-04 14:09:30.323 [info] Lock '/home/blackjack/.vscode-server/data/User/workspaceStorage/9bca88e4c3bff3dc461c44d989168a4c/vscode.lock': Lock acquired.
2024-11-04 14:09:32.496 [info] ExtensionService#_doActivateExtension vscode.git, startup: false, activationEvent: '*'
2024-11-04 14:09:32.501 [info] ExtensionService#_doActivateExtension vscode.github, startup: false, activationEvent: '*'
2024-11-04 14:09:34.590 [info] Eager extensions activated
2024-11-04 14:09:34.592 [info] ExtensionService#_doActivateExtension vscode.debug-auto-launch, startup: false, activationEvent: 'onStartupFinished'
2024-11-04 14:09:34.602 [info] ExtensionService#_doActivateExtension vscode.merge-conflict, startup: false, activationEvent: 'onStartupFinished'
2024-11-04 14:09:36.238 [info] ExtensionService#_doActivateExtension ms-python.debugpy, startup: false, activationEvent: 'onLanguage:python'
2024-11-04 14:09:36.240 [info] ExtensionService#_doActivateExtension ms-python.vscode-pylance, startup: false, activationEvent: 'onLanguage:python'
2024-11-04 15:32:44.309 [info] Extension host terminating: renderer disconnected for too long (2)
2024-11-04 15:32:44.535 [info] Lock '/home/blackjack/.vscode-server/data/User/workspaceStorage/9bca88e4c3bff3dc461c44d989168a4c/vscode.lock': Marking the lockfile as scheduled to be released in 6000 ms.
2024-11-04 15:32:48.565 [info] Extension host with pid 1572 exiting with code 0
