2025-03-27 14:24:05.538 [info] [main] Log level: Info
2025-03-27 14:24:05.538 [info] [main] Validating found git in: "git"
2025-03-27 14:24:05.538 [info] [main] Using git "2.30.2" from "git"
2025-03-27 14:24:05.539 [info] [Model][doInitialScan] Initial repository scan started
2025-03-27 14:24:05.539 [info] > git rev-parse --show-toplevel [48ms]
2025-03-27 14:24:05.539 [info] fatal: not a git repository (or any of the parent directories): .git
2025-03-27 14:24:05.539 [info] > git rev-parse --show-toplevel [643ms]
2025-03-27 14:24:05.539 [info] fatal: not a git repository (or any of the parent directories): .git
2025-03-27 14:24:05.589 [info] > git rev-parse --show-toplevel [23ms]
2025-03-27 14:24:05.589 [info] fatal: not a git repository (or any of the parent directories): .git
2025-03-27 14:24:05.616 [info] > git rev-parse --show-toplevel [10ms]
2025-03-27 14:24:05.617 [info] fatal: not a git repository (or any of the parent directories): .git
2025-03-27 14:24:05.642 [info] > git rev-parse --show-toplevel [8ms]
2025-03-27 14:24:05.644 [info] fatal: not a git repository (or any of the parent directories): .git
2025-03-27 14:24:05.675 [info] > git rev-parse --show-toplevel [7ms]
2025-03-27 14:24:05.675 [info] fatal: not a git repository (or any of the parent directories): .git
2025-03-27 14:24:05.700 [info] > git rev-parse --show-toplevel [10ms]
2025-03-27 14:24:05.700 [info] fatal: not a git repository (or any of the parent directories): .git
2025-03-27 14:24:05.724 [info] > git rev-parse --show-toplevel [9ms]
2025-03-27 14:24:05.725 [info] fatal: not a git repository (or any of the parent directories): .git
2025-03-27 14:24:05.751 [info] > git rev-parse --show-toplevel [10ms]
2025-03-27 14:24:05.751 [info] fatal: not a git repository (or any of the parent directories): .git
2025-03-27 14:24:05.777 [info] > git rev-parse --show-toplevel [10ms]
2025-03-27 14:24:05.778 [info] fatal: not a git repository (or any of the parent directories): .git
2025-03-27 14:24:05.805 [info] > git rev-parse --show-toplevel [10ms]
2025-03-27 14:24:05.805 [info] fatal: not a git repository (or any of the parent directories): .git
2025-03-27 14:24:05.913 [info] [Model][doInitialScan] Initial repository scan completed - repositories (0), closed repositories (0), parent repositories (0), unsafe repositories (0)
2025-03-27 14:37:46.552 [info] > git rev-parse --show-toplevel [15ms]
2025-03-27 14:37:46.556 [info] fatal: not a git repository (or any of the parent directories): .git
2025-03-27 14:37:52.832 [info] > git rev-parse --show-toplevel [8ms]
2025-03-27 14:37:52.832 [info] fatal: not a git repository (or any of the parent directories): .git
2025-03-27 14:38:33.961 [info] > git rev-parse --show-toplevel [1562ms]
2025-03-27 14:38:33.963 [info] fatal: not a git repository (or any of the parent directories): .git
2025-03-27 14:38:34.239 [info] > git rev-parse --show-toplevel [214ms]
2025-03-27 14:38:34.240 [info] fatal: not a git repository (or any of the parent directories): .git
