2025-03-17 12:40:36.202 [info] (Client) Pylance async client (2025.3.2) started with python extension (2025.2.0)
2025-03-17 12:40:41.382 [info] [Info  - 12:40:40 PM] (2015) Server root directory: file:///home/blackjack/.vscode-server/extensions/ms-python.vscode-pylance-2025.3.2/dist
2025-03-17 12:40:41.386 [info] [Info  - 12:40:41 PM] (2015) Pylance language server 2025.3.2 (pyright version 1.1.396, commit 3e2236a7) starting
2025-03-17 12:40:41.387 [info] [Info  - 12:40:41 PM] (2015) Starting service instance "blackjack"
2025-03-17 12:40:41.880 [info] [Info  - 12:40:41 PM] (2015) Setting environmentName for service "blackjack": "3.9.2 (global)"
2025-03-17 12:40:41.884 [info] [Info  - 12:40:41 PM] (2015) Setting pythonPath for service "blackjack": "/usr/bin/python"
2025-03-17 12:40:41.897 [info] [Info  - 12:40:41 PM] (2015) No include entries specified; assuming /home/blackjack
2025-03-17 12:40:41.903 [info] [Info  - 12:40:41 PM] (2015) Auto-excluding **/node_modules
2025-03-17 12:40:41.905 [info] [Info  - 12:40:41 PM] (2015) Auto-excluding **/__pycache__
2025-03-17 12:40:41.906 [info] [Info  - 12:40:41 PM] (2015) Auto-excluding **/.*
2025-03-17 12:40:42.524 [info] [Info  - 12:40:42 PM] (2015) Assuming Python version 3.9.2.final.0
2025-03-17 12:40:48.280 [info] [Info  - 12:40:48 PM] (2015) Found 12 source files
2025-03-17 12:40:53.096 [info] [Info  - 12:40:53 PM] (2015) [FG] Long operation: parsing: file:///home/blackjack/.vscode-server/extensions/ms-python.vscode-pylance-2025.3.2/dist/typeshed-fallback/stdlib/builtins.pyi (2560ms)
2025-03-17 12:40:55.491 [info] [Info  - 12:40:55 PM] (2015) Background analysis(1) root directory: file:///home/blackjack/.vscode-server/extensions/ms-python.vscode-pylance-2025.3.2/dist
2025-03-17 12:40:55.491 [info] [Info  - 12:40:55 PM] (2015) Background analysis(1) started
2025-03-17 12:40:58.812 [info] [Info  - 12:40:58 PM] (2015) Indexer background runner(2) root directory: file:///home/blackjack/.vscode-server/extensions/ms-python.vscode-pylance-2025.3.2/dist (index)
2025-03-17 12:40:58.813 [info] [Info  - 12:40:58 PM] (2015) Indexing(2) started
2025-03-17 12:41:01.360 [info] [Info  - 12:41:01 PM] (2015) [BG(1)] Long operation: parsing: file:///home/blackjack/.vscode-server/extensions/ms-python.vscode-pylance-2025.3.2/dist/typeshed-fallback/stdlib/builtins.pyi (3164ms)
2025-03-17 12:41:08.984 [info] [Info  - 12:41:08 PM] (2015) [BG(1)] Long operation: SemanticTokens full at file:///home/blackjack/src/Blackjack/game.py (12727ms)
2025-03-17 12:41:17.097 [info] [Info  - 12:41:16 PM] (2015) [IDX(2)] Long operation: scan packages file:///home/blackjack (12679ms)
2025-03-17 12:41:17.109 [info] [Info  - 12:41:17 PM] (2015) scanned(2) 124 files over 1 exec env
2025-03-17 12:41:26.499 [info] [Info  - 12:41:26 PM] (2015) [IDX(2)] Long operation: indexing: file:///home/blackjack/.vscode-server/extensions/ms-python.vscode-pylance-2025.3.2/dist/typeshed-fallback/stubs/networkx/networkx/__init__.pyi (3904ms)
2025-03-17 12:41:31.289 [info] [Info  - 12:41:31 PM] (2015) [IDX(2)] Long operation: indexing: file:///usr/lib/python3/dist-packages/numpy/__init__.py (2429ms)
2025-03-17 12:41:33.268 [info] [Info  - 12:41:33 PM] (2015) [IDX(2)] Long operation: index execution environment file:///home/blackjack (12587ms)
2025-03-17 12:41:33.720 [info] [Info  - 12:41:33 PM] (2015) [IDX(2)] Long operation: index packages file:///home/blackjack (13301ms)
2025-03-17 12:41:33.721 [info] [Info  - 12:41:33 PM] (2015) indexed(2) 124 files over 1 exec env
2025-03-17 12:41:34.634 [info] [Info  - 12:41:34 PM] (2015) Indexing finished(2).
2025-03-17 12:41:35.236 [info] [Info  - 12:41:35 PM] (2015) [BG(1)] Long operation: checking: file:///home/blackjack/src/Blackjack/server.py (2892ms)
2025-03-17 12:41:35.239 [info] [Info  - 12:41:35 PM] (2015) [BG(1)] Long operation: analyzing: file:///home/blackjack/src/Blackjack/server.py (2892ms)
2025-03-17 12:46:58.102 [info] [Info  - 12:46:58 PM] (2015) Starting service instance "<default>"
2025-03-17 12:46:58.683 [info] [Info  - 12:46:58 PM] (2015) Setting environmentName for service "<default>": "3.9.2 (global)"
2025-03-17 12:46:58.694 [info] [Info  - 12:46:58 PM] (2015) Setting pythonPath for service "<default>": "/usr/bin/python"
2025-03-17 12:46:58.704 [info] [Info  - 12:46:58 PM] (2015) No include entries specified; assuming /<default workspace root>
2025-03-17 12:46:58.727 [info] [Info  - 12:46:58 PM] (2015) Auto-excluding **/node_modules
2025-03-17 12:46:58.729 [info] [Info  - 12:46:58 PM] (2015) Auto-excluding **/__pycache__
2025-03-17 12:46:58.733 [info] [Info  - 12:46:58 PM] (2015) Auto-excluding **/.*
2025-03-17 12:46:59.102 [info] [Info  - 12:46:59 PM] (2015) Assuming Python version 3.9.2.final.0
2025-03-17 12:47:00.183 [info] [Error - 12:47:00 PM] (2015) File or directory "/<default workspace root>" does not exist.
2025-03-17 12:47:00.185 [info] [Info  - 12:47:00 PM] (2015) No source files found.
2025-03-17 12:47:05.908 [info] [Info  - 12:47:05 PM] (2015) Background analysis(3) root directory: file:///home/blackjack/.vscode-server/extensions/ms-python.vscode-pylance-2025.3.2/dist
2025-03-17 12:47:05.910 [info] [Info  - 12:47:05 PM] (2015) Background analysis(3) started
2025-03-17 12:48:22.659 [info] [Info  - 12:48:22 PM] (2015) [BG(1)] Long operation: SemanticTokens delta previousResultId:1742230099503 at file:///home/blackjack/src/Blackjack/table.py (2253ms)
