2024-11-04 21:37:56.685 [info] [main] Log level: Info
2024-11-04 21:37:56.685 [info] [main] Validating found git in: "git"
2024-11-04 21:37:56.685 [info] [main] Using git "2.30.2" from "git"
2024-11-04 21:37:56.685 [info] [Model][doInitialScan] Initial repository scan started
2024-11-04 21:37:56.685 [info] > git rev-parse --show-toplevel [1030ms]
2024-11-04 21:37:56.685 [info] fatal: not a git repository (or any of the parent directories): .git
2024-11-04 21:37:56.836 [info] > git rev-parse --show-toplevel [2158ms]
2024-11-04 21:37:56.836 [info] fatal: not a git repository (or any of the parent directories): .git
2024-11-04 21:37:58.345 [info] > git rev-parse --show-toplevel [234ms]
2024-11-04 21:37:58.346 [info] fatal: not a git repository (or any of the parent directories): .git
2024-11-04 21:37:58.543 [info] > git rev-parse --show-toplevel [166ms]
2024-11-04 21:37:58.543 [info] fatal: not a git repository (or any of the parent directories): .git
2024-11-04 21:37:58.584 [info] > git rev-parse --show-toplevel [18ms]
2024-11-04 21:37:58.585 [info] fatal: not a git repository (or any of the parent directories): .git
2024-11-04 21:37:58.640 [info] > git rev-parse --show-toplevel [34ms]
2024-11-04 21:37:58.640 [info] fatal: not a git repository (or any of the parent directories): .git
2024-11-04 21:37:58.673 [info] > git rev-parse --show-toplevel [13ms]
2024-11-04 21:37:58.674 [info] fatal: not a git repository (or any of the parent directories): .git
2024-11-04 21:37:58.707 [info] > git rev-parse --show-toplevel [13ms]
2024-11-04 21:37:58.707 [info] fatal: not a git repository (or any of the parent directories): .git
2024-11-04 21:37:58.770 [info] > git rev-parse --show-toplevel [20ms]
2024-11-04 21:37:58.771 [info] fatal: not a git repository (or any of the parent directories): .git
2024-11-04 21:37:58.805 [info] > git rev-parse --show-toplevel [11ms]
2024-11-04 21:37:58.805 [info] fatal: not a git repository (or any of the parent directories): .git
2024-11-04 21:37:58.871 [info] > git rev-parse --show-toplevel [45ms]
2024-11-04 21:37:58.871 [info] fatal: not a git repository (or any of the parent directories): .git
2024-11-04 21:37:58.902 [info] [Model][doInitialScan] Initial repository scan completed - repositories (0), closed repositories (0), parent repositories (0), unsafe repositories (0)
2024-11-04 21:38:30.746 [info] > git rev-parse --show-toplevel [230ms]
2024-11-04 21:38:30.748 [info] fatal: not a git repository (or any of the parent directories): .git
2024-11-04 21:39:40.360 [info] > git rev-parse --show-toplevel [241ms]
2024-11-04 21:39:40.366 [info] fatal: not a git repository (or any of the parent directories): .git
2024-11-04 21:40:18.051 [info] > git rev-parse --show-toplevel [9ms]
2024-11-04 21:40:18.051 [info] fatal: not a git repository (or any of the parent directories): .git
2024-11-04 21:41:54.474 [info] > git rev-parse --show-toplevel [14ms]
2024-11-04 21:41:54.475 [info] fatal: not a git repository (or any of the parent directories): .git
2024-11-04 21:41:59.250 [info] > git rev-parse --show-toplevel [9ms]
2024-11-04 21:41:59.250 [info] fatal: not a git repository (or any of the parent directories): .git
2024-11-04 21:42:00.728 [info] > git rev-parse --show-toplevel [7ms]
2024-11-04 21:42:00.729 [info] fatal: not a git repository (or any of the parent directories): .git
2024-11-04 21:42:02.441 [info] > git rev-parse --show-toplevel [7ms]
2024-11-04 21:42:02.441 [info] fatal: not a git repository (or any of the parent directories): .git
2024-11-04 21:42:03.801 [info] > git rev-parse --show-toplevel [12ms]
2024-11-04 21:42:03.802 [info] fatal: not a git repository (or any of the parent directories): .git
2024-11-04 21:42:07.725 [info] > git rev-parse --show-toplevel [10ms]
2024-11-04 21:42:07.725 [info] fatal: not a git repository (or any of the parent directories): .git
2024-11-04 21:42:23.143 [info] > git rev-parse --show-toplevel [5ms]
2024-11-04 21:42:23.144 [info] fatal: not a git repository (or any of the parent directories): .git
2024-11-04 21:44:20.132 [info] > git rev-parse --show-toplevel [16ms]
2024-11-04 21:44:20.135 [info] fatal: not a git repository (or any of the parent directories): .git
2024-11-04 21:51:46.665 [info] > git rev-parse --show-toplevel [156ms]
2024-11-04 21:51:46.667 [info] fatal: not a git repository (or any of the parent directories): .git
2024-11-04 21:52:03.625 [info] > git rev-parse --show-toplevel [7ms]
2024-11-04 21:52:03.626 [info] fatal: not a git repository (or any of the parent directories): .git
2024-11-04 21:52:31.444 [info] > git rev-parse --show-toplevel [7ms]
2024-11-04 21:52:31.444 [info] fatal: not a git repository (or any of the parent directories): .git
2024-11-04 21:52:32.950 [info] > git rev-parse --show-toplevel [16ms]
2024-11-04 21:52:32.950 [info] fatal: not a git repository (or any of the parent directories): .git
2024-11-04 21:52:34.900 [info] > git rev-parse --show-toplevel [10ms]
2024-11-04 21:52:34.900 [info] fatal: not a git repository (or any of the parent directories): .git
2024-11-04 21:52:37.900 [info] > git rev-parse --show-toplevel [6ms]
2024-11-04 21:52:37.902 [info] fatal: not a git repository (or any of the parent directories): .git
2024-11-04 21:52:50.198 [info] > git rev-parse --show-toplevel [8ms]
2024-11-04 21:52:50.198 [info] fatal: not a git repository (or any of the parent directories): .git
2024-11-04 21:55:56.323 [info] > git rev-parse --show-toplevel [22ms]
2024-11-04 21:55:56.326 [info] fatal: not a git repository (or any of the parent directories): .git
2024-11-04 21:56:12.716 [info] > git rev-parse --show-toplevel [8ms]
2024-11-04 21:56:12.717 [info] fatal: not a git repository (or any of the parent directories): .git
2024-11-04 23:01:54.101 [info] > git rev-parse --show-toplevel [234ms]
2024-11-04 23:01:54.105 [info] fatal: not a git repository (or any of the parent directories): .git
