2024-11-07 16:11:03.223 [info] [main] Log level: Info
2024-11-07 16:11:03.223 [info] [main] Validating found git in: "git"
2024-11-07 16:11:03.223 [info] [main] Using git "2.30.2" from "git"
2024-11-07 16:11:03.223 [info] [Model][doInitialScan] Initial repository scan started
2024-11-07 16:11:03.223 [info] > git rev-parse --show-toplevel [4628ms]
2024-11-07 16:11:03.223 [info] fatal: not a git repository (or any of the parent directories): .git
2024-11-07 16:11:03.243 [info] > git rev-parse --show-toplevel [1222ms]
2024-11-07 16:11:03.243 [info] fatal: not a git repository (or any of the parent directories): .git
2024-11-07 16:11:03.576 [info] > git rev-parse --show-toplevel [117ms]
2024-11-07 16:11:03.576 [info] fatal: not a git repository (or any of the parent directories): .git
2024-11-07 16:11:04.053 [info] > git rev-parse --show-toplevel [458ms]
2024-11-07 16:11:04.053 [info] fatal: not a git repository (or any of the parent directories): .git
2024-11-07 16:11:04.216 [info] > git rev-parse --show-toplevel [76ms]
2024-11-07 16:11:04.216 [info] fatal: not a git repository (or any of the parent directories): .git
2024-11-07 16:11:04.502 [info] > git rev-parse --show-toplevel [272ms]
2024-11-07 16:11:04.502 [info] fatal: not a git repository (or any of the parent directories): .git
2024-11-07 16:11:04.523 [info] > git rev-parse --show-toplevel [8ms]
2024-11-07 16:11:04.523 [info] fatal: not a git repository (or any of the parent directories): .git
2024-11-07 16:11:04.553 [info] > git rev-parse --show-toplevel [10ms]
2024-11-07 16:11:04.553 [info] fatal: not a git repository (or any of the parent directories): .git
2024-11-07 16:11:04.573 [info] > git rev-parse --show-toplevel [8ms]
2024-11-07 16:11:04.573 [info] fatal: not a git repository (or any of the parent directories): .git
2024-11-07 16:11:04.591 [info] > git rev-parse --show-toplevel [7ms]
2024-11-07 16:11:04.591 [info] fatal: not a git repository (or any of the parent directories): .git
2024-11-07 16:11:04.610 [info] > git rev-parse --show-toplevel [7ms]
2024-11-07 16:11:04.610 [info] fatal: not a git repository (or any of the parent directories): .git
2024-11-07 16:11:04.624 [info] [Model][doInitialScan] Initial repository scan completed - repositories (0), closed repositories (0), parent repositories (0), unsafe repositories (0)
2024-11-07 16:13:02.828 [info] > git rev-parse --show-toplevel [184ms]
2024-11-07 16:13:02.831 [info] fatal: not a git repository (or any of the parent directories): .git
2024-11-07 16:16:19.653 [info] > git rev-parse --show-toplevel [105ms]
2024-11-07 16:16:19.659 [info] fatal: not a git repository (or any of the parent directories): .git
2024-11-07 16:16:26.185 [info] > git rev-parse --show-toplevel [16ms]
2024-11-07 16:16:26.186 [info] fatal: not a git repository (or any of the parent directories): .git
2024-11-07 16:17:18.035 [info] > git rev-parse --show-toplevel [18ms]
2024-11-07 16:17:18.038 [info] fatal: not a git repository (or any of the parent directories): .git
