2024-11-07 16:10:47.573 [info] Extension host with pid 1424 started
2024-11-07 16:10:47.574 [error] Error: EEXIST: file already exists, open '/home/blackjack/.vscode-server/data/User/workspaceStorage/9bca88e4c3bff3dc461c44d989168a4c/vscode.lock'
2024-11-07 16:10:47.899 [info] Lock '/home/blackjack/.vscode-server/data/User/workspaceStorage/9bca88e4c3bff3dc461c44d989168a4c/vscode.lock': Could not acquire lock, checking if the file is stale.
2024-11-07 16:10:48.000 [info] ExtensionService#_doActivateExtension vscode.tunnel-forwarding, startup: false, activationEvent: 'onTunnel'
2024-11-07 16:10:48.028 [info] ExtensionService#_doActivateExtension vscode.emmet, startup: false, activationEvent: 'onLanguage'
2024-11-07 16:10:48.035 [info] ExtensionService#_doActivateExtension ms-python.python, startup: false, activationEvent: 'onLanguage:python', root cause: ms-python.debugpy
2024-11-07 16:10:48.057 [info] ExtensionService#_doActivateExtension vscode.git-base, startup: false, activationEvent: '*', root cause: vscode.git
2024-11-07 16:10:51.264 [info] Lock '/home/blackjack/.vscode-server/data/User/workspaceStorage/9bca88e4c3bff3dc461c44d989168a4c/vscode.lock': The pid 26049 appears to be gone.
2024-11-07 16:10:51.265 [info] Lock '/home/blackjack/.vscode-server/data/User/workspaceStorage/9bca88e4c3bff3dc461c44d989168a4c/vscode.lock': Deleting a stale lock.
2024-11-07 16:10:51.334 [info] Lock '/home/blackjack/.vscode-server/data/User/workspaceStorage/9bca88e4c3bff3dc461c44d989168a4c/vscode.lock': Lock acquired.
2024-11-07 16:10:54.606 [info] ExtensionService#_doActivateExtension vscode.git, startup: false, activationEvent: '*'
2024-11-07 16:10:54.611 [info] ExtensionService#_doActivateExtension vscode.github, startup: false, activationEvent: '*'
2024-11-07 16:10:56.254 [info] Eager extensions activated
2024-11-07 16:10:56.257 [info] ExtensionService#_doActivateExtension vscode.debug-auto-launch, startup: false, activationEvent: 'onStartupFinished'
2024-11-07 16:10:56.260 [info] ExtensionService#_doActivateExtension vscode.merge-conflict, startup: false, activationEvent: 'onStartupFinished'
2024-11-07 16:10:57.235 [info] ExtensionService#_doActivateExtension ms-python.debugpy, startup: false, activationEvent: 'onLanguage:python'
2024-11-07 16:10:57.239 [info] ExtensionService#_doActivateExtension ms-python.vscode-pylance, startup: false, activationEvent: 'onLanguage:python'
2024-11-07 16:11:37.699 [info] ExtensionService#_doActivateExtension vscode.npm, startup: false, activationEvent: 'onTerminalQuickFixRequest:ms-vscode.npm-command'
2024-11-07 16:11:44.435 [info] ExtensionService#_doActivateExtension vscode.configuration-editing, startup: false, activationEvent: 'onLanguage:json'
2024-11-07 16:11:44.437 [info] ExtensionService#_doActivateExtension vscode.extension-editing, startup: false, activationEvent: 'onLanguage:json'
2024-11-07 16:11:44.440 [info] ExtensionService#_doActivateExtension vscode.json-language-features, startup: false, activationEvent: 'onLanguage:json'
2024-11-07 16:16:19.326 [info] ExtensionService#_doActivateExtension vscode.debug-server-ready, startup: false, activationEvent: 'onDebugResolve'
2024-11-07 16:16:26.922 [error] Error: Invalid debug adapter
    at b4t.p (vscode-file://vscode-app/c:/Program%20Files/Microsoft%20VS%20Code/resources/app/out/vs/workbench/workbench.desktop.main.js:615:95)
    at b4t.$acceptDAExit (vscode-file://vscode-app/c:/Program%20Files/Microsoft%20VS%20Code/resources/app/out/vs/workbench/workbench.desktop.main.js:615:35)
    at Pht.S (vscode-file://vscode-app/c:/Program%20Files/Microsoft%20VS%20Code/resources/app/out/vs/workbench/workbench.desktop.main.js:3124:41686)
    at Pht.Q (vscode-file://vscode-app/c:/Program%20Files/Microsoft%20VS%20Code/resources/app/out/vs/workbench/workbench.desktop.main.js:3124:41464)
    at Pht.M (vscode-file://vscode-app/c:/Program%20Files/Microsoft%20VS%20Code/resources/app/out/vs/workbench/workbench.desktop.main.js:3124:40552)
    at Pht.L (vscode-file://vscode-app/c:/Program%20Files/Microsoft%20VS%20Code/resources/app/out/vs/workbench/workbench.desktop.main.js:3124:39789)
    at vZ.value (vscode-file://vscode-app/c:/Program%20Files/Microsoft%20VS%20Code/resources/app/out/vs/workbench/workbench.desktop.main.js:3124:38450)
    at x.B (vscode-file://vscode-app/c:/Program%20Files/Microsoft%20VS%20Code/resources/app/out/vs/workbench/workbench.desktop.main.js:30:747)
    at x.fire (vscode-file://vscode-app/c:/Program%20Files/Microsoft%20VS%20Code/resources/app/out/vs/workbench/workbench.desktop.main.js:30:965)
    at L6.fire (vscode-file://vscode-app/c:/Program%20Files/Microsoft%20VS%20Code/resources/app/out/vs/workbench/workbench.desktop.main.js:630:10348)
2024-11-07 16:21:35.603 [error] Error: Invalid debug adapter
    at b4t.p (vscode-file://vscode-app/c:/Program%20Files/Microsoft%20VS%20Code/resources/app/out/vs/workbench/workbench.desktop.main.js:615:95)
    at b4t.$acceptDAExit (vscode-file://vscode-app/c:/Program%20Files/Microsoft%20VS%20Code/resources/app/out/vs/workbench/workbench.desktop.main.js:615:35)
    at Pht.S (vscode-file://vscode-app/c:/Program%20Files/Microsoft%20VS%20Code/resources/app/out/vs/workbench/workbench.desktop.main.js:3124:41686)
    at Pht.Q (vscode-file://vscode-app/c:/Program%20Files/Microsoft%20VS%20Code/resources/app/out/vs/workbench/workbench.desktop.main.js:3124:41464)
    at Pht.M (vscode-file://vscode-app/c:/Program%20Files/Microsoft%20VS%20Code/resources/app/out/vs/workbench/workbench.desktop.main.js:3124:40552)
    at Pht.L (vscode-file://vscode-app/c:/Program%20Files/Microsoft%20VS%20Code/resources/app/out/vs/workbench/workbench.desktop.main.js:3124:39789)
    at vZ.value (vscode-file://vscode-app/c:/Program%20Files/Microsoft%20VS%20Code/resources/app/out/vs/workbench/workbench.desktop.main.js:3124:38450)
    at x.B (vscode-file://vscode-app/c:/Program%20Files/Microsoft%20VS%20Code/resources/app/out/vs/workbench/workbench.desktop.main.js:30:747)
    at x.fire (vscode-file://vscode-app/c:/Program%20Files/Microsoft%20VS%20Code/resources/app/out/vs/workbench/workbench.desktop.main.js:30:965)
    at L6.fire (vscode-file://vscode-app/c:/Program%20Files/Microsoft%20VS%20Code/resources/app/out/vs/workbench/workbench.desktop.main.js:630:10348)
2024-11-07 20:09:23.353 [info] Extension host terminating: renderer disconnected for too long (1)
2024-11-07 20:09:23.402 [info] Lock '/home/blackjack/.vscode-server/data/User/workspaceStorage/9bca88e4c3bff3dc461c44d989168a4c/vscode.lock': Marking the lockfile as scheduled to be released in 6000 ms.
2024-11-07 20:09:25.857 [error] Error: Channel has been closed
	at s (file:///home/blackjack/.vscode-server/cli/servers/Stable-912bb683695358a54ae0c670461738984cbb5b95/server/out/vs/workbench/api/node/extensionHostProcess.js:120:2431)
	at Object.appendLine (file:///home/blackjack/.vscode-server/cli/servers/Stable-912bb683695358a54ae0c670461738984cbb5b95/server/out/vs/workbench/api/node/extensionHostProcess.js:120:2570)
	at D.logOutputMessage (/home/blackjack/.vscode-server/cli/servers/Stable-912bb683695358a54ae0c670461738984cbb5b95/server/extensions/json-language-features/client/dist/node/jsonClientMain.js:1:285192)
	at D.info (/home/blackjack/.vscode-server/cli/servers/Stable-912bb683695358a54ae0c670461738984cbb5b95/server/extensions/json-language-features/client/dist/node/jsonClientMain.js:1:284925)
	at ChildProcess.<anonymous> (/home/blackjack/.vscode-server/cli/servers/Stable-912bb683695358a54ae0c670461738984cbb5b95/server/extensions/json-language-features/client/dist/node/jsonClientMain.js:1:503028)
	at ChildProcess.emit (node:events:519:28)
	at ChildProcess._handle.onexit (node:internal/child_process:294:12)
2024-11-07 20:09:25.944 [info] Extension host with pid 1424 exiting with code 0
