2025-03-27 12:04:26.174 [info] Experiment 'pythonRecommendTensorboardExt' is active
2025-03-27 12:04:26.174 [info] Experiment 'pythonTerminalEnvVarActivation' is active
2025-03-27 12:04:26.174 [info] Experiment 'pythonTestAdapter' is active
2025-03-27 12:04:26.174 [info] Native locator: Refresh started
2025-03-27 12:04:27.321 [info] > pyenv which python
2025-03-27 12:04:27.321 [info] cwd: .
2025-03-27 12:04:27.839 [info] Native locator: Refresh finished in 8601 ms
2025-03-27 12:04:27.868 [info] Python interpreter path: /usr/bin/python
2025-03-27 12:04:34.676 [info] Starting Pylance language server.
2025-03-27 12:05:16.956 [info] Discover tests for workspace name: blackjack - uri: /home/blackjack/src/Blackjack/table.py
2025-03-27 12:06:16.298 [info] Discover tests for workspace name: blackjack - uri: /home/blackjack/src/Blackjack/main.py
2025-03-27 12:06:36.707 [info] Discover tests for workspace name: blackjack - uri: /home/blackjack/src/Blackjack/table.py
2025-03-27 12:11:36.205 [info] Discover tests for workspace name: blackjack - uri: /home/blackjack/src/Blackjack/table.py
2025-03-27 12:12:30.451 [info] Discover tests for workspace name: blackjack - uri: /home/blackjack/src/Blackjack/table.py
2025-03-27 12:19:02.643 [info] Discover tests for workspace name: blackjack - uri: /home/blackjack/src/Blackjack/table.py
2025-03-27 12:19:15.222 [info] Discover tests for workspace name: blackjack - uri: /home/blackjack/src/Blackjack/table.py
2025-03-27 12:19:40.626 [info] Discover tests for workspace name: blackjack - uri: /home/blackjack/src/Blackjack/table.py
2025-03-27 12:21:08.050 [info] Discover tests for workspace name: blackjack - uri: /home/blackjack/src/Blackjack/table.py
2025-03-27 12:22:12.555 [info] Discover tests for workspace name: blackjack - uri: /home/blackjack/src/Blackjack/settings.py
2025-03-27 12:23:16.924 [info] Discover tests for workspace name: blackjack - uri: /home/blackjack/src/Blackjack/table.py
2025-03-27 12:37:00.950 [info] Discover tests for workspace name: blackjack - uri: /home/blackjack/src/Blackjack/server.py
2025-03-27 12:37:01.341 [info] Discover tests for workspace name: blackjack - uri: /home/blackjack/src/Blackjack/server.py
2025-03-27 12:39:33.451 [info] Discover tests for workspace name: blackjack - uri: /home/blackjack/src/Blackjack/server.py
2025-03-27 12:41:56.996 [info] Discover tests for workspace name: blackjack - uri: /home/blackjack/src/create_keys.py
2025-03-27 12:42:40.477 [info] Discover tests for workspace name: blackjack - uri: /home/blackjack/src/create_keys.py
