2024-11-13 20:29:54.540 [info] (Client) Pylance async client (2024.11.1) started with python extension (2024.18.1)
2024-11-13 20:30:02.793 [info] [Info  - 8:30:01 PM] (2316) Server root directory: file:///home/blackjack/.vscode-server/extensions/ms-python.vscode-pylance-2024.11.1/dist
2024-11-13 20:30:02.804 [info] [Info  - 8:30:02 PM] (2316) Pylance language server 2024.11.1 (pyright version 1.1.386, commit 4180fa21) starting
2024-11-13 20:30:02.806 [info] [Info  - 8:30:02 PM] (2316) Starting service instance "blackjack"
2024-11-13 20:30:03.657 [info] [Info  - 8:30:03 PM] (2316) Setting environmentName for service "blackjack": "3.9.2 (global)"
2024-11-13 20:30:03.665 [info] [Info  - 8:30:03 PM] (2316) Setting pythonPath for service "blackjack": "/usr/bin/python"
2024-11-13 20:30:03.668 [info] [Info  - 8:30:03 PM] (2316) No include entries specified; assuming /home/blackjack
2024-11-13 20:30:03.672 [info] [Info  - 8:30:03 PM] (2316) Auto-excluding **/node_modules
2024-11-13 20:30:03.674 [info] [Info  - 8:30:03 PM] (2316) Auto-excluding **/__pycache__
2024-11-13 20:30:03.676 [info] [Info  - 8:30:03 PM] (2316) Auto-excluding **/.*
2024-11-13 20:30:05.966 [info] [Info  - 8:30:05 PM] (2316) Assuming Python version 3.9.2.final.0
2024-11-13 20:30:07.295 [info] [Info  - 8:30:07 PM] (2316) Found 12 source files
2024-11-13 20:30:14.656 [info] [Info  - 8:30:14 PM] (2316) [FG] Long operation: parsing: file:///home/blackjack/.vscode-server/extensions/ms-python.vscode-pylance-2024.11.1/dist/typeshed-fallback/stdlib/builtins.pyi (2729ms)
2024-11-13 20:30:17.381 [info] [Info  - 8:30:17 PM] (2316) Background analysis(1) root directory: file:///home/blackjack/.vscode-server/extensions/ms-python.vscode-pylance-2024.11.1/dist
2024-11-13 20:30:17.382 [info] [Info  - 8:30:17 PM] (2316) Background analysis(1) started
2024-11-13 20:30:20.123 [info] [Info  - 8:30:20 PM] (2316) Indexer background runner(2) root directory: file:///home/blackjack/.vscode-server/extensions/ms-python.vscode-pylance-2024.11.1/dist (index)
2024-11-13 20:30:20.124 [info] [Info  - 8:30:20 PM] (2316) Indexing(2) started
2024-11-13 20:30:31.313 [info] [Info  - 8:30:31 PM] (2316) [BG(1)] Long operation: SemanticTokens full at file:///home/blackjack/src/Blackjack/game.py (13853ms)
2024-11-13 20:30:32.953 [info] [Info  - 8:30:32 PM] (2316) [IDX(2)] Long operation: scan packages file:///home/blackjack (13435ms)
2024-11-13 20:30:32.955 [info] [Info  - 8:30:32 PM] (2316) scanned(2) 125 files over 1 exec env
2024-11-13 20:30:36.695 [info] [Info  - 8:30:36 PM] (2316) [BG(1)] Long operation: checking: file:///home/blackjack/src/Blackjack/game.py (3212ms)
2024-11-13 20:30:36.697 [info] [Info  - 8:30:36 PM] (2316) [BG(1)] Long operation: analyzing: file:///home/blackjack/src/Blackjack/game.py (3221ms)
2024-11-13 20:30:38.601 [info] [Info  - 8:30:38 PM] (2316) indexed(2) 125 files over 1 exec env
2024-11-13 20:30:39.047 [info] [Info  - 8:30:39 PM] (2316) Indexing finished(2).
