2024-11-07 16:11:04.786 [info] (Client) Pylance async client (2024.11.1) started with python extension (2024.18.0)
2024-11-07 16:11:10.867 [info] [Info  - 4:11:10 PM] (1664) Server root directory: file:///home/blackjack/.vscode-server/extensions/ms-python.vscode-pylance-2024.11.1/dist
2024-11-07 16:11:10.871 [info] [Info  - 4:11:10 PM] (1664) Pylance language server 2024.11.1 (pyright version 1.1.386, commit 4180fa21) starting
2024-11-07 16:11:10.872 [info] [Info  - 4:11:10 PM] (1664) Starting service instance "blackjack"
2024-11-07 16:11:11.273 [info] [Info  - 4:11:11 PM] (1664) Setting environmentName for service "blackjack": "3.9.2 (global)"
2024-11-07 16:11:11.276 [info] [Info  - 4:11:11 PM] (1664) Setting pythonPath for service "blackjack": "/usr/bin/python"
2024-11-07 16:11:11.279 [info] [Info  - 4:11:11 PM] (1664) No include entries specified; assuming /home/blackjack
2024-11-07 16:11:11.283 [info] [Info  - 4:11:11 PM] (1664) Auto-excluding **/node_modules
2024-11-07 16:11:11.284 [info] [Info  - 4:11:11 PM] (1664) Auto-excluding **/__pycache__
2024-11-07 16:11:11.285 [info] [Info  - 4:11:11 PM] (1664) Auto-excluding **/.*
2024-11-07 16:11:12.449 [info] [Info  - 4:11:12 PM] (1664) Assuming Python version 3.9.2.final.0
2024-11-07 16:11:15.065 [info] [Info  - 4:11:15 PM] (1664) Found 12 source files
2024-11-07 16:11:19.783 [info] [Info  - 4:11:19 PM] (1664) [FG] Long operation: parsing: file:///home/blackjack/.vscode-server/extensions/ms-python.vscode-pylance-2024.11.1/dist/typeshed-fallback/stdlib/builtins.pyi (2354ms)
2024-11-07 16:11:20.548 [info] [Info  - 4:11:20 PM] (1664) Background analysis(1) root directory: file:///home/blackjack/.vscode-server/extensions/ms-python.vscode-pylance-2024.11.1/dist
2024-11-07 16:11:20.549 [info] [Info  - 4:11:20 PM] (1664) Background analysis(1) started
2024-11-07 16:11:20.921 [info] [Info  - 4:11:20 PM] (1664) Indexer background runner(2) root directory: file:///home/blackjack/.vscode-server/extensions/ms-python.vscode-pylance-2024.11.1/dist (index)
2024-11-07 16:11:20.922 [info] [Info  - 4:11:20 PM] (1664) Indexing(2) started
2024-11-07 16:11:30.481 [info] [Info  - 4:11:30 PM] (1664) [IDX(2)] Long operation: scan packages file:///home/blackjack (8938ms)
2024-11-07 16:11:30.490 [info] [Info  - 4:11:30 PM] (1664) scanned(2) 125 files over 1 exec env
2024-11-07 16:11:30.491 [info] [Info  - 4:11:30 PM] (1664) [BG(1)] Long operation: checking: file:///home/blackjack/src/Blackjack/table.py (4804ms)
2024-11-07 16:11:30.492 [info] [Info  - 4:11:30 PM] (1664) [BG(1)] Long operation: analyzing: file:///home/blackjack/src/Blackjack/table.py (5054ms)
2024-11-07 16:11:32.878 [info] [Info  - 4:11:32 PM] (1664) indexed(2) 125 files over 1 exec env
2024-11-07 16:11:33.096 [info] [Info  - 4:11:33 PM] (1664) Indexing finished(2).
2024-11-07 16:13:13.377 [info] [Info  - 4:13:13 PM] (1664) [BG(1)] Long operation: SemanticTokens delta previousResultId:1731013985858 at file:///home/blackjack/src/Blackjack/game.py (2366ms)
2024-11-07 16:13:16.292 [info] [Info  - 4:13:16 PM] (1664) [BG(1)] Long operation: checking: file:///home/blackjack/src/Blackjack/game.py (2450ms)
2024-11-07 16:13:16.293 [info] [Info  - 4:13:16 PM] (1664) [BG(1)] Long operation: analyzing: file:///home/blackjack/src/Blackjack/game.py (2531ms)
