2025-03-17 12:40:34.270 [info] [main] Log level: Info
2025-03-17 12:40:34.270 [info] [main] Validating found git in: "git"
2025-03-17 12:40:34.270 [info] [main] Using git "2.30.2" from "git"
2025-03-17 12:40:34.270 [info] [Model][doInitialScan] Initial repository scan started
2025-03-17 12:40:34.270 [info] > git rev-parse --show-toplevel [1973ms]
2025-03-17 12:40:34.270 [info] fatal: not a git repository (or any of the parent directories): .git
2025-03-17 12:40:34.270 [info] > git rev-parse --show-toplevel [344ms]
2025-03-17 12:40:34.270 [info] fatal: not a git repository (or any of the parent directories): .git
2025-03-17 12:40:34.324 [info] > git rev-parse --show-toplevel [11ms]
2025-03-17 12:40:34.325 [info] fatal: not a git repository (or any of the parent directories): .git
2025-03-17 12:40:34.339 [info] > git rev-parse --show-toplevel [7ms]
2025-03-17 12:40:34.339 [info] fatal: not a git repository (or any of the parent directories): .git
2025-03-17 12:40:34.353 [info] > git rev-parse --show-toplevel [5ms]
2025-03-17 12:40:34.353 [info] fatal: not a git repository (or any of the parent directories): .git
2025-03-17 12:40:34.368 [info] > git rev-parse --show-toplevel [5ms]
2025-03-17 12:40:34.368 [info] fatal: not a git repository (or any of the parent directories): .git
2025-03-17 12:40:34.383 [info] > git rev-parse --show-toplevel [6ms]
2025-03-17 12:40:34.383 [info] fatal: not a git repository (or any of the parent directories): .git
2025-03-17 12:40:34.399 [info] > git rev-parse --show-toplevel [6ms]
2025-03-17 12:40:34.399 [info] fatal: not a git repository (or any of the parent directories): .git
2025-03-17 12:40:34.414 [info] > git rev-parse --show-toplevel [5ms]
2025-03-17 12:40:34.414 [info] fatal: not a git repository (or any of the parent directories): .git
2025-03-17 12:40:34.430 [info] > git rev-parse --show-toplevel [6ms]
2025-03-17 12:40:34.430 [info] fatal: not a git repository (or any of the parent directories): .git
2025-03-17 12:40:34.445 [info] > git rev-parse --show-toplevel [6ms]
2025-03-17 12:40:34.446 [info] fatal: not a git repository (or any of the parent directories): .git
2025-03-17 12:40:34.457 [info] [Model][doInitialScan] Initial repository scan completed - repositories (0), closed repositories (0), parent repositories (0), unsafe repositories (0)
2025-03-17 12:41:16.854 [info] > git rev-parse --show-toplevel [1396ms]
2025-03-17 12:41:16.867 [info] fatal: not a git repository (or any of the parent directories): .git
2025-03-17 12:41:26.963 [info] > git rev-parse --show-toplevel [291ms]
2025-03-17 12:41:26.965 [info] fatal: not a git repository (or any of the parent directories): .git
2025-03-17 12:41:28.688 [info] > git rev-parse --show-toplevel [11ms]
2025-03-17 12:41:28.688 [info] fatal: not a git repository (or any of the parent directories): .git
2025-03-17 12:41:30.418 [info] > git rev-parse --show-toplevel [5ms]
2025-03-17 12:41:30.418 [info] fatal: not a git repository (or any of the parent directories): .git
2025-03-17 12:41:49.062 [info] > git rev-parse --show-toplevel [21ms]
2025-03-17 12:41:49.062 [info] fatal: not a git repository (or any of the parent directories): .git
2025-03-17 12:42:02.657 [info] > git rev-parse --show-toplevel [39ms]
2025-03-17 12:42:02.658 [info] fatal: not a git repository (or any of the parent directories): .git
2025-03-17 12:42:08.612 [info] > git rev-parse --show-toplevel [28ms]
2025-03-17 12:42:08.613 [info] fatal: not a git repository (or any of the parent directories): .git
2025-03-17 12:42:12.471 [info] > git rev-parse --show-toplevel [5ms]
2025-03-17 12:42:12.471 [info] fatal: not a git repository (or any of the parent directories): .git
2025-03-17 12:42:50.694 [info] > git rev-parse --show-toplevel [16ms]
2025-03-17 12:42:50.694 [info] fatal: not a git repository (or any of the parent directories): .git
2025-03-17 12:43:17.195 [info] > git rev-parse --show-toplevel [7ms]
2025-03-17 12:43:17.195 [info] fatal: not a git repository (or any of the parent directories): .git
2025-03-17 12:43:22.507 [info] > git rev-parse --show-toplevel [7ms]
2025-03-17 12:43:22.508 [info] fatal: not a git repository (or any of the parent directories): .git
2025-03-17 12:43:58.314 [info] > git rev-parse --show-toplevel [20ms]
2025-03-17 12:43:58.315 [info] fatal: not a git repository (or any of the parent directories): .git
2025-03-17 12:44:24.962 [info] > git rev-parse --show-toplevel [6ms]
2025-03-17 12:44:24.963 [info] fatal: not a git repository (or any of the parent directories): .git
2025-03-17 12:44:45.764 [info] > git rev-parse --show-toplevel [13ms]
2025-03-17 12:44:45.764 [info] fatal: not a git repository (or any of the parent directories): .git
2025-03-17 12:45:00.746 [info] > git rev-parse --show-toplevel [14ms]
2025-03-17 12:45:00.747 [info] fatal: not a git repository (or any of the parent directories): .git
2025-03-17 12:45:12.530 [info] > git rev-parse --show-toplevel [17ms]
2025-03-17 12:45:12.531 [info] fatal: not a git repository (or any of the parent directories): .git
2025-03-17 12:46:43.997 [info] > git rev-parse --show-toplevel [11ms]
2025-03-17 12:46:43.998 [info] fatal: not a git repository (or any of the parent directories): .git
2025-03-17 12:47:59.373 [info] > git rev-parse --show-toplevel [223ms]
2025-03-17 12:47:59.389 [info] fatal: not a git repository (or any of the parent directories): .git
2025-03-17 12:48:38.991 [info] > git rev-parse --show-toplevel [684ms]
2025-03-17 12:48:38.993 [info] fatal: not a git repository (or any of the parent directories): .git
2025-03-17 12:50:21.948 [info] > git rev-parse --show-toplevel [15ms]
2025-03-17 12:50:21.948 [info] fatal: not a git repository (or any of the parent directories): .git
