2024-11-04 21:37:53.502 [info] Experiment 'pythonRecommendTensorboardExt' is active
2024-11-04 21:37:53.503 [info] Experiment 'pythonTerminalEnvVarActivation' is active
2024-11-04 21:37:53.503 [info] Experiment 'pythonTestAdapter' is active
2024-11-04 21:37:53.503 [warning] Dir "/home/blackjack/.pixi/envs" is not watchable (directory does not exist)
2024-11-04 21:37:53.503 [info] Python interpreter path: /usr/bin/python
2024-11-04 21:37:54.635 [info] > pyenv which python
2024-11-04 21:37:54.636 [info] cwd: .
2024-11-04 21:38:05.613 [info] Starting Pylance language server.
2024-11-04 21:42:20.603 [info] Discover tests for workspace name: blackjack - uri: /home/blackjack/src/Blackjack/table.py
2024-11-04 21:42:54.654 [info] Discover tests for workspace name: blackjack - uri: /home/blackjack/src/Blackjack/game.py
2024-11-04 21:43:00.527 [info] Discover tests for workspace name: blackjack - uri: /home/blackjack/src/Blackjack/game.py
2024-11-04 21:43:43.058 [info] Discover tests for workspace name: blackjack - uri: /home/blackjack/src/Blackjack/game.py
2024-11-04 21:43:43.314 [info] Discover tests for workspace name: blackjack - uri: /home/blackjack/src/Blackjack/game.py
2024-11-04 21:44:16.276 [info] Discover tests for workspace name: blackjack - uri: /home/blackjack/src/Blackjack/game.py
2024-11-04 21:45:19.969 [info] Discover tests for workspace name: blackjack - uri: /home/blackjack/src/Blackjack/table.py
2024-11-04 21:46:20.409 [info] Discover tests for workspace name: blackjack - uri: /home/blackjack/src/Blackjack/table.py
2024-11-04 21:46:20.744 [info] Discover tests for workspace name: blackjack - uri: /home/blackjack/src/Blackjack/table.py
2024-11-04 21:48:30.561 [info] Discover tests for workspace name: blackjack - uri: /home/blackjack/src/Blackjack/table.py
2024-11-04 21:54:58.722 [info] Discover tests for workspace name: blackjack - uri: /home/blackjack/src/Blackjack/user.py
2024-11-04 21:54:59.060 [info] Discover tests for workspace name: blackjack - uri: /home/blackjack/src/Blackjack/user.py
2024-11-04 21:55:13.289 [info] Discover tests for workspace name: blackjack - uri: /home/blackjack/src/Blackjack/user.py
2024-11-04 21:55:13.777 [info] Discover tests for workspace name: blackjack - uri: /home/blackjack/src/Blackjack/user.py
