2024-11-11 10:57:03.845 [info] [main] Log level: Info
2024-11-11 10:57:03.845 [info] [main] Validating found git in: "git"
2024-11-11 10:57:03.845 [info] [main] Using git "2.30.2" from "git"
2024-11-11 10:57:03.845 [info] [Model][doInitialScan] Initial repository scan started
2024-11-11 10:57:03.845 [info] > git rev-parse --show-toplevel [1482ms]
2024-11-11 10:57:03.845 [info] fatal: not a git repository (or any of the parent directories): .git
2024-11-11 10:57:03.846 [info] > git rev-parse --show-toplevel [753ms]
2024-11-11 10:57:03.846 [info] fatal: not a git repository (or any of the parent directories): .git
2024-11-11 10:57:03.846 [info] > git rev-parse --show-toplevel [16ms]
2024-11-11 10:57:03.846 [info] fatal: not a git repository (or any of the parent directories): .git
2024-11-11 10:57:04.010 [info] > git rev-parse --show-toplevel [25ms]
2024-11-11 10:57:04.010 [info] fatal: not a git repository (or any of the parent directories): .git
2024-11-11 10:57:04.029 [info] > git rev-parse --show-toplevel [6ms]
2024-11-11 10:57:04.029 [info] fatal: not a git repository (or any of the parent directories): .git
2024-11-11 10:57:04.046 [info] > git rev-parse --show-toplevel [7ms]
2024-11-11 10:57:04.046 [info] fatal: not a git repository (or any of the parent directories): .git
2024-11-11 10:57:04.068 [info] > git rev-parse --show-toplevel [11ms]
2024-11-11 10:57:04.068 [info] fatal: not a git repository (or any of the parent directories): .git
2024-11-11 10:57:04.338 [info] > git rev-parse --show-toplevel [226ms]
2024-11-11 10:57:04.339 [info] fatal: not a git repository (or any of the parent directories): .git
2024-11-11 10:57:04.445 [info] > git rev-parse --show-toplevel [47ms]
2024-11-11 10:57:04.445 [info] fatal: not a git repository (or any of the parent directories): .git
2024-11-11 10:57:04.740 [info] > git rev-parse --show-toplevel [278ms]
2024-11-11 10:57:04.740 [info] fatal: not a git repository (or any of the parent directories): .git
2024-11-11 10:57:04.774 [info] > git rev-parse --show-toplevel [21ms]
2024-11-11 10:57:04.774 [info] fatal: not a git repository (or any of the parent directories): .git
2024-11-11 10:57:04.795 [info] > git rev-parse --show-toplevel [8ms]
2024-11-11 10:57:04.795 [info] fatal: not a git repository (or any of the parent directories): .git
2024-11-11 10:57:04.807 [info] [Model][doInitialScan] Initial repository scan completed - repositories (0), closed repositories (0), parent repositories (0), unsafe repositories (0)
2024-11-11 10:57:07.433 [info] > git rev-parse --show-toplevel [86ms]
2024-11-11 10:57:07.434 [info] fatal: not a git repository (or any of the parent directories): .git
2024-11-11 10:57:54.785 [info] > git rev-parse --show-toplevel [313ms]
2024-11-11 10:57:54.792 [info] fatal: not a git repository (or any of the parent directories): .git
2024-11-11 10:58:02.441 [info] > git rev-parse --show-toplevel [5ms]
2024-11-11 10:58:02.441 [info] fatal: not a git repository (or any of the parent directories): .git
2024-11-11 10:58:10.468 [info] > git rev-parse --show-toplevel [8ms]
2024-11-11 10:58:10.468 [info] fatal: not a git repository (or any of the parent directories): .git
2024-11-11 10:58:12.767 [info] > git rev-parse --show-toplevel [11ms]
2024-11-11 10:58:12.768 [info] fatal: not a git repository (or any of the parent directories): .git
2024-11-11 10:58:38.942 [info] > git rev-parse --show-toplevel [262ms]
2024-11-11 10:58:38.945 [info] fatal: not a git repository (or any of the parent directories): .git
2024-11-11 10:58:46.161 [info] > git rev-parse --show-toplevel [14ms]
2024-11-11 10:58:46.161 [info] fatal: not a git repository (or any of the parent directories): .git
