2024-11-04 14:09:41.082 [info] [main] Log level: Info
2024-11-04 14:09:41.082 [info] [main] Validating found git in: "git"
2024-11-04 14:09:41.082 [info] [main] Using git "2.30.2" from "git"
2024-11-04 14:09:41.082 [info] [Model][doInitialScan] Initial repository scan started
2024-11-04 14:09:41.082 [info] > git rev-parse --show-toplevel [423ms]
2024-11-04 14:09:41.082 [info] fatal: not a git repository (or any of the parent directories): .git
2024-11-04 14:09:41.082 [info] > git rev-parse --show-toplevel [130ms]
2024-11-04 14:09:41.082 [info] fatal: not a git repository (or any of the parent directories): .git
2024-11-04 14:09:41.305 [info] > git rev-parse --show-toplevel [133ms]
2024-11-04 14:09:41.305 [info] fatal: not a git repository (or any of the parent directories): .git
2024-11-04 14:09:41.331 [info] > git rev-parse --show-toplevel [13ms]
2024-11-04 14:09:41.331 [info] fatal: not a git repository (or any of the parent directories): .git
2024-11-04 14:09:41.730 [info] > git rev-parse --show-toplevel [351ms]
2024-11-04 14:09:41.739 [info] fatal: not a git repository (or any of the parent directories): .git
2024-11-04 14:09:42.090 [info] > git rev-parse --show-toplevel [286ms]
2024-11-04 14:09:42.090 [info] fatal: not a git repository (or any of the parent directories): .git
2024-11-04 14:09:42.110 [info] > git rev-parse --show-toplevel [8ms]
2024-11-04 14:09:42.110 [info] fatal: not a git repository (or any of the parent directories): .git
2024-11-04 14:09:42.129 [info] > git rev-parse --show-toplevel [9ms]
2024-11-04 14:09:42.130 [info] fatal: not a git repository (or any of the parent directories): .git
2024-11-04 14:09:42.155 [info] > git rev-parse --show-toplevel [13ms]
2024-11-04 14:09:42.155 [info] fatal: not a git repository (or any of the parent directories): .git
2024-11-04 14:09:42.182 [info] > git rev-parse --show-toplevel [16ms]
2024-11-04 14:09:42.182 [info] fatal: not a git repository (or any of the parent directories): .git
2024-11-04 14:09:42.218 [info] > git rev-parse --show-toplevel [23ms]
2024-11-04 14:09:42.218 [info] fatal: not a git repository (or any of the parent directories): .git
2024-11-04 14:09:42.231 [info] [Model][doInitialScan] Initial repository scan completed - repositories (0), closed repositories (0), parent repositories (0), unsafe repositories (0)
