2024-11-04 15:27:52.416 [info] Extension host with pid 3096 started
2024-11-04 15:27:52.416 [error] Error: EEXIST: file already exists, open '/home/blackjack/.vscode-server/data/User/workspaceStorage/9bca88e4c3bff3dc461c44d989168a4c/vscode.lock'
2024-11-04 15:27:52.457 [info] Lock '/home/blackjack/.vscode-server/data/User/workspaceStorage/9bca88e4c3bff3dc461c44d989168a4c/vscode.lock': Could not acquire lock, checking if the file is stale.
2024-11-04 15:27:52.641 [info] ExtensionService#_doActivateExtension vscode.tunnel-forwarding, startup: false, activationEvent: 'onTunnel'
2024-11-04 15:27:52.649 [info] ExtensionService#_doActivateExtension vscode.emmet, startup: false, activationEvent: 'onLanguage'
2024-11-04 15:27:52.652 [info] ExtensionService#_doActivateExtension ms-python.python, startup: false, activationEvent: 'onLanguage:python', root cause: ms-python.debugpy
2024-11-04 15:27:52.656 [info] ExtensionService#_doActivateExtension vscode.git-base, startup: false, activationEvent: '*', root cause: vscode.git
2024-11-04 15:27:56.886 [info] Lock '/home/blackjack/.vscode-server/data/User/workspaceStorage/9bca88e4c3bff3dc461c44d989168a4c/vscode.lock': The lock does not look stale, elapsed: 5075 ms, giving up.
2024-11-04 15:27:56.984 [info] Lock '/home/blackjack/.vscode-server/data/User/workspaceStorage/9bca88e4c3bff3dc461c44d989168a4c-1/vscode.lock': Lock acquired.
2024-11-04 15:27:58.875 [info] ExtensionService#_doActivateExtension vscode.git, startup: false, activationEvent: '*'
2024-11-04 15:27:58.879 [info] ExtensionService#_doActivateExtension vscode.github, startup: false, activationEvent: '*'
2024-11-04 15:28:01.145 [info] Eager extensions activated
2024-11-04 15:28:01.147 [info] ExtensionService#_doActivateExtension vscode.debug-auto-launch, startup: false, activationEvent: 'onStartupFinished'
2024-11-04 15:28:01.149 [info] ExtensionService#_doActivateExtension vscode.merge-conflict, startup: false, activationEvent: 'onStartupFinished'
2024-11-04 15:28:03.656 [info] ExtensionService#_doActivateExtension ms-python.debugpy, startup: false, activationEvent: 'onLanguage:python'
2024-11-04 15:28:03.660 [info] ExtensionService#_doActivateExtension ms-python.vscode-pylance, startup: false, activationEvent: 'onLanguage:python'
2024-11-04 15:46:25.931 [info] ExtensionService#_doActivateExtension vscode.npm, startup: false, activationEvent: 'onTerminalQuickFixRequest:ms-vscode.npm-command'
2024-11-04 15:46:32.716 [info] ExtensionService#_doActivateExtension vscode.configuration-editing, startup: false, activationEvent: 'onLanguage:json'
2024-11-04 15:46:32.717 [info] ExtensionService#_doActivateExtension vscode.extension-editing, startup: false, activationEvent: 'onLanguage:json'
2024-11-04 15:46:32.720 [info] ExtensionService#_doActivateExtension vscode.json-language-features, startup: false, activationEvent: 'onLanguage:json'
2024-11-04 16:43:37.945 [error] Error: getaddrinfo EAI_AGAIN mobile.events.data.microsoft.com
	at GetAddrInfoReqWrap.onlookupall [as oncomplete] (node:dns:120:26)
2024-11-04 20:05:20.274 [info] Extension host terminating: renderer disconnected for too long (1)
2024-11-04 20:05:20.296 [info] Lock '/home/blackjack/.vscode-server/data/User/workspaceStorage/9bca88e4c3bff3dc461c44d989168a4c-1/vscode.lock': Marking the lockfile as scheduled to be released in 6000 ms.
2024-11-04 20:05:21.548 [info] Extension host with pid 3096 exiting with code 0
