2024-11-11 11:02:10.595 [info] Extension host with pid 1428 started
2024-11-11 11:02:10.596 [error] Error: EEXIST: file already exists, open '/home/blackjack/.vscode-server/data/User/workspaceStorage/9bca88e4c3bff3dc461c44d989168a4c/vscode.lock'
2024-11-11 11:02:10.919 [info] Lock '/home/blackjack/.vscode-server/data/User/workspaceStorage/9bca88e4c3bff3dc461c44d989168a4c/vscode.lock': Could not acquire lock, checking if the file is stale.
2024-11-11 11:02:11.047 [info] ExtensionService#_doActivateExtension vscode.tunnel-forwarding, startup: false, activationEvent: 'onTunnel'
2024-11-11 11:02:11.059 [info] ExtensionService#_doActivateExtension vscode.emmet, startup: false, activationEvent: 'onLanguage'
2024-11-11 11:02:11.073 [info] ExtensionService#_doActivateExtension vscode.git-base, startup: false, activationEvent: '*', root cause: vscode.git
2024-11-11 11:02:11.547 [info] Lock '/home/blackjack/.vscode-server/data/User/workspaceStorage/9bca88e4c3bff3dc461c44d989168a4c/vscode.lock': The pid 13918 appears to be gone.
2024-11-11 11:02:11.548 [info] Lock '/home/blackjack/.vscode-server/data/User/workspaceStorage/9bca88e4c3bff3dc461c44d989168a4c/vscode.lock': Deleting a stale lock.
2024-11-11 11:02:11.573 [info] Lock '/home/blackjack/.vscode-server/data/User/workspaceStorage/9bca88e4c3bff3dc461c44d989168a4c/vscode.lock': Lock acquired.
2024-11-11 11:02:12.180 [info] ExtensionService#_doActivateExtension vscode.git, startup: false, activationEvent: '*'
2024-11-11 11:02:12.202 [info] ExtensionService#_doActivateExtension vscode.github, startup: false, activationEvent: '*'
2024-11-11 11:02:15.249 [info] Eager extensions activated
2024-11-11 11:02:15.253 [info] ExtensionService#_doActivateExtension vscode.debug-auto-launch, startup: false, activationEvent: 'onStartupFinished'
2024-11-11 11:02:15.258 [info] ExtensionService#_doActivateExtension vscode.merge-conflict, startup: false, activationEvent: 'onStartupFinished'
2024-11-11 11:02:15.896 [info] ExtensionService#_doActivateExtension ms-python.python, startup: false, activationEvent: 'onLanguage:python', root cause: ms-python.debugpy
2024-11-11 11:02:21.850 [info] ExtensionService#_doActivateExtension ms-python.debugpy, startup: false, activationEvent: 'onLanguage:python'
2024-11-11 11:02:21.854 [info] ExtensionService#_doActivateExtension ms-python.vscode-pylance, startup: false, activationEvent: 'onLanguage:python'
2024-11-11 11:09:53.589 [info] ExtensionService#_doActivateExtension vscode.npm, startup: false, activationEvent: 'onTerminalQuickFixRequest:ms-vscode.npm-command'
2024-11-11 11:10:00.960 [info] ExtensionService#_doActivateExtension vscode.configuration-editing, startup: false, activationEvent: 'onLanguage:json'
2024-11-11 11:10:00.963 [info] ExtensionService#_doActivateExtension vscode.extension-editing, startup: false, activationEvent: 'onLanguage:json'
2024-11-11 11:10:00.965 [info] ExtensionService#_doActivateExtension vscode.json-language-features, startup: false, activationEvent: 'onLanguage:json'
2024-11-11 14:06:22.107 [info] Extension host terminating: renderer disconnected for too long (2)
2024-11-11 14:06:22.226 [info] Lock '/home/blackjack/.vscode-server/data/User/workspaceStorage/9bca88e4c3bff3dc461c44d989168a4c/vscode.lock': Marking the lockfile as scheduled to be released in 6000 ms.
2024-11-11 14:06:25.133 [error] Error: Channel has been closed
	at s (file:///home/blackjack/.vscode-server/cli/servers/Stable-912bb683695358a54ae0c670461738984cbb5b95/server/out/vs/workbench/api/node/extensionHostProcess.js:120:2431)
	at Object.appendLine (file:///home/blackjack/.vscode-server/cli/servers/Stable-912bb683695358a54ae0c670461738984cbb5b95/server/out/vs/workbench/api/node/extensionHostProcess.js:120:2570)
	at D.logOutputMessage (/home/blackjack/.vscode-server/cli/servers/Stable-912bb683695358a54ae0c670461738984cbb5b95/server/extensions/json-language-features/client/dist/node/jsonClientMain.js:1:285192)
	at D.info (/home/blackjack/.vscode-server/cli/servers/Stable-912bb683695358a54ae0c670461738984cbb5b95/server/extensions/json-language-features/client/dist/node/jsonClientMain.js:1:284925)
	at ChildProcess.<anonymous> (/home/blackjack/.vscode-server/cli/servers/Stable-912bb683695358a54ae0c670461738984cbb5b95/server/extensions/json-language-features/client/dist/node/jsonClientMain.js:1:503028)
	at ChildProcess.emit (node:events:519:28)
	at ChildProcess._handle.onexit (node:internal/child_process:294:12)
2024-11-11 14:06:26.295 [info] Extension host with pid 1428 exiting with code 0
