2025-03-27 12:04:26.680 [info] [main] Log level: Info
2025-03-27 12:04:26.680 [info] [main] Validating found git in: "git"
2025-03-27 12:04:26.680 [info] [main] Using git "2.30.2" from "git"
2025-03-27 12:04:26.680 [info] [Model][doInitialScan] Initial repository scan started
2025-03-27 12:04:27.186 [info] > git rev-parse --show-toplevel [1146ms]
2025-03-27 12:04:27.186 [info] fatal: not a git repository (or any of the parent directories): .git
2025-03-27 12:04:27.237 [info] > git rev-parse --show-toplevel [27ms]
2025-03-27 12:04:27.237 [info] fatal: not a git repository (or any of the parent directories): .git
2025-03-27 12:04:27.338 [info] > git rev-parse --show-toplevel [76ms]
2025-03-27 12:04:27.338 [info] fatal: not a git repository (or any of the parent directories): .git
2025-03-27 12:04:27.454 [info] > git rev-parse --show-toplevel [84ms]
2025-03-27 12:04:27.454 [info] fatal: not a git repository (or any of the parent directories): .git
2025-03-27 12:04:27.479 [info] > git rev-parse --show-toplevel [9ms]
2025-03-27 12:04:27.479 [info] fatal: not a git repository (or any of the parent directories): .git
2025-03-27 12:04:27.581 [info] > git rev-parse --show-toplevel [48ms]
2025-03-27 12:04:27.581 [info] fatal: not a git repository (or any of the parent directories): .git
2025-03-27 12:04:27.653 [info] > git rev-parse --show-toplevel [33ms]
2025-03-27 12:04:27.653 [info] fatal: not a git repository (or any of the parent directories): .git
2025-03-27 12:04:27.673 [info] > git rev-parse --show-toplevel [6ms]
2025-03-27 12:04:27.673 [info] fatal: not a git repository (or any of the parent directories): .git
2025-03-27 12:04:27.696 [info] > git rev-parse --show-toplevel [10ms]
2025-03-27 12:04:27.696 [info] fatal: not a git repository (or any of the parent directories): .git
2025-03-27 12:04:27.719 [info] > git rev-parse --show-toplevel [10ms]
2025-03-27 12:04:27.719 [info] fatal: not a git repository (or any of the parent directories): .git
2025-03-27 12:04:27.741 [info] > git rev-parse --show-toplevel [8ms]
2025-03-27 12:04:27.741 [info] fatal: not a git repository (or any of the parent directories): .git
2025-03-27 12:04:27.755 [info] [Model][doInitialScan] Initial repository scan completed - repositories (0), closed repositories (0), parent repositories (0), unsafe repositories (0)
2025-03-27 12:04:32.848 [info] > git rev-parse --show-toplevel [223ms]
2025-03-27 12:04:32.848 [info] fatal: not a git repository (or any of the parent directories): .git
2025-03-27 12:05:00.492 [info] > git rev-parse --show-toplevel [3776ms]
2025-03-27 12:05:00.538 [info] fatal: not a git repository (or any of the parent directories): .git
2025-03-27 12:05:18.597 [info] > git rev-parse --show-toplevel [1326ms]
2025-03-27 12:05:18.600 [info] fatal: not a git repository (or any of the parent directories): .git
2025-03-27 12:05:42.435 [info] > git rev-parse --show-toplevel [3ms]
2025-03-27 12:05:42.435 [info] fatal: not a git repository (or any of the parent directories): .git
2025-03-27 12:05:44.481 [info] > git rev-parse --show-toplevel [11ms]
2025-03-27 12:05:44.481 [info] fatal: not a git repository (or any of the parent directories): .git
2025-03-27 12:06:18.744 [info] > git rev-parse --show-toplevel [90ms]
2025-03-27 12:06:18.750 [info] fatal: not a git repository (or any of the parent directories): .git
2025-03-27 12:06:19.630 [info] > git rev-parse --show-toplevel [15ms]
2025-03-27 12:06:19.631 [info] fatal: not a git repository (or any of the parent directories): .git
2025-03-27 12:09:04.528 [info] > git rev-parse --show-toplevel [2374ms]
2025-03-27 12:09:04.572 [info] fatal: not a git repository (or any of the parent directories): .git
2025-03-27 12:09:07.173 [info] > git rev-parse --show-toplevel [222ms]
2025-03-27 12:09:07.184 [info] fatal: not a git repository (or any of the parent directories): .git
2025-03-27 12:09:08.371 [info] > git rev-parse --show-toplevel [17ms]
2025-03-27 12:09:08.374 [info] fatal: not a git repository (or any of the parent directories): .git
2025-03-27 12:11:42.209 [info] > git rev-parse --show-toplevel [648ms]
2025-03-27 12:11:42.211 [info] fatal: not a git repository (or any of the parent directories): .git
2025-03-27 12:12:06.635 [info] > git rev-parse --show-toplevel [79ms]
2025-03-27 12:12:06.636 [info] fatal: not a git repository (or any of the parent directories): .git
2025-03-27 12:14:13.251 [info] > git rev-parse --show-toplevel [232ms]
2025-03-27 12:14:13.253 [info] fatal: not a git repository (or any of the parent directories): .git
2025-03-27 12:14:19.903 [info] > git rev-parse --show-toplevel [53ms]
2025-03-27 12:14:19.903 [info] fatal: not a git repository (or any of the parent directories): .git
2025-03-27 12:15:06.994 [info] > git rev-parse --show-toplevel [6ms]
2025-03-27 12:15:06.994 [info] fatal: not a git repository (or any of the parent directories): .git
2025-03-27 12:18:50.663 [info] > git rev-parse --show-toplevel [432ms]
2025-03-27 12:18:50.668 [info] fatal: not a git repository (or any of the parent directories): .git
2025-03-27 12:20:52.119 [info] > git rev-parse --show-toplevel [160ms]
2025-03-27 12:20:52.120 [info] fatal: not a git repository (or any of the parent directories): .git
2025-03-27 12:20:53.551 [info] > git rev-parse --show-toplevel [55ms]
2025-03-27 12:20:53.552 [info] fatal: not a git repository (or any of the parent directories): .git
2025-03-27 12:21:01.759 [info] > git rev-parse --show-toplevel [8ms]
2025-03-27 12:21:01.759 [info] fatal: not a git repository (or any of the parent directories): .git
2025-03-27 12:21:25.068 [info] > git rev-parse --show-toplevel [13ms]
2025-03-27 12:21:25.069 [info] fatal: not a git repository (or any of the parent directories): .git
2025-03-27 12:23:07.544 [info] > git rev-parse --show-toplevel [271ms]
2025-03-27 12:23:07.546 [info] fatal: not a git repository (or any of the parent directories): .git
2025-03-27 12:36:45.991 [info] > git rev-parse --show-toplevel [240ms]
2025-03-27 12:36:45.998 [info] fatal: not a git repository (or any of the parent directories): .git
2025-03-27 12:40:35.891 [info] > git rev-parse --show-toplevel [295ms]
2025-03-27 12:40:35.893 [info] fatal: not a git repository (or any of the parent directories): .git
2025-03-27 12:46:19.978 [info] > git rev-parse --show-toplevel [143ms]
2025-03-27 12:46:19.980 [info] fatal: not a git repository (or any of the parent directories): .git
2025-03-27 12:46:33.970 [info] > git rev-parse --show-toplevel [21ms]
2025-03-27 12:46:33.970 [info] fatal: not a git repository (or any of the parent directories): .git
2025-03-27 12:46:37.995 [info] > git rev-parse --show-toplevel [54ms]
2025-03-27 12:46:37.997 [info] fatal: not a git repository (or any of the parent directories): .git
