2024-11-07 15:43:14.204 [info] Experiment 'pythonRecommendTensorboardExt' is active
2024-11-07 15:43:14.204 [info] Experiment 'pythonTerminalEnvVarActivation' is active
2024-11-07 15:43:14.204 [info] Experiment 'pythonTestAdapter' is active
2024-11-07 15:43:14.204 [warning] Dir "/home/blackjack/.pixi/envs" is not watchable (directory does not exist)
2024-11-07 15:43:14.204 [info] Python interpreter path: /usr/bin/python
2024-11-07 15:43:14.295 [info] > pyenv which python
2024-11-07 15:43:14.295 [info] cwd: .
2024-11-07 15:43:19.891 [info] Starting Pylance language server.
2024-11-07 15:49:08.069 [info] Discover tests for workspace name: blackjack - uri: /home/blackjack/src/Blackjack/game.py
2024-11-07 15:52:16.351 [info] Discover tests for workspace name: blackjack - uri: /home/blackjack/src/Blackjack/game.py
2024-11-07 15:52:36.379 [info] Discover tests for workspace name: blackjack - uri: /home/blackjack/src/Blackjack/game.py
2024-11-07 15:53:38.835 [info] Discover tests for workspace name: blackjack - uri: /home/blackjack/src/Blackjack/game.py
2024-11-07 15:54:28.478 [info] Discover tests for workspace name: blackjack - uri: /home/blackjack/src/Blackjack/game.py
2024-11-07 15:55:40.912 [info] Discover tests for workspace name: blackjack - uri: /home/blackjack/src/Blackjack/game.py
2024-11-07 15:56:28.642 [info] Discover tests for workspace name: blackjack - uri: /home/blackjack/src/Blackjack/table.py
2024-11-07 15:56:37.135 [info] Discover tests for workspace name: blackjack - uri: /home/blackjack/src/Blackjack/game.py
2024-11-07 15:56:45.773 [info] Discover tests for workspace name: blackjack - uri: /home/blackjack/src/Blackjack/game.py
2024-11-07 15:56:58.872 [info] Discover tests for workspace name: blackjack - uri: /home/blackjack/src/Blackjack/game.py
2024-11-07 15:57:27.950 [info] Discover tests for workspace name: blackjack - uri: /home/blackjack/src/Blackjack/table.py
2024-11-07 15:57:33.386 [info] Discover tests for workspace name: blackjack - uri: /home/blackjack/src/Blackjack/table.py
2024-11-07 15:57:33.716 [info] Discover tests for workspace name: blackjack - uri: /home/blackjack/src/Blackjack/table.py
2024-11-07 15:58:45.305 [info] Discover tests for workspace name: blackjack - uri: /home/blackjack/src/Blackjack/game.py
2024-11-07 15:59:25.428 [info] Discover tests for workspace name: blackjack - uri: /home/blackjack/src/Blackjack/game.py
2024-11-07 15:59:47.734 [info] Discover tests for workspace name: blackjack - uri: /home/blackjack/src/Blackjack/game.py
2024-11-07 16:00:15.615 [info] Discover tests for workspace name: blackjack - uri: /home/blackjack/src/Blackjack/game.py
2024-11-07 16:01:32.301 [info] Discover tests for workspace name: blackjack - uri: /home/blackjack/src/Blackjack/game.py
2024-11-07 16:01:49.511 [info] Discover tests for workspace name: blackjack - uri: /home/blackjack/src/Blackjack/game.py
2024-11-07 16:02:03.563 [info] Discover tests for workspace name: blackjack - uri: /home/blackjack/src/Blackjack/game.py
