2024-11-13 20:29:49.901 [info] [main] Log level: Info
2024-11-13 20:29:49.901 [info] [main] Validating found git in: "git"
2024-11-13 20:29:49.901 [info] [main] Using git "2.30.2" from "git"
2024-11-13 20:29:49.901 [info] [Model][doInitialScan] Initial repository scan started
2024-11-13 20:29:49.901 [info] > git rev-parse --show-toplevel [4532ms]
2024-11-13 20:29:49.901 [info] fatal: not a git repository (or any of the parent directories): .git
2024-11-13 20:29:49.967 [info] > git rev-parse --show-toplevel [298ms]
2024-11-13 20:29:49.967 [info] fatal: not a git repository (or any of the parent directories): .git
2024-11-13 20:29:50.291 [info] > git rev-parse --show-toplevel [304ms]
2024-11-13 20:29:50.292 [info] fatal: not a git repository (or any of the parent directories): .git
2024-11-13 20:29:53.925 [info] > git rev-parse --show-toplevel [24ms]
2024-11-13 20:29:53.925 [info] fatal: not a git repository (or any of the parent directories): .git
2024-11-13 20:29:53.963 [info] > git rev-parse --show-toplevel [25ms]
2024-11-13 20:29:53.963 [info] fatal: not a git repository (or any of the parent directories): .git
2024-11-13 20:29:54.017 [info] > git rev-parse --show-toplevel [26ms]
2024-11-13 20:29:54.017 [info] fatal: not a git repository (or any of the parent directories): .git
2024-11-13 20:29:54.120 [info] > git rev-parse --show-toplevel [84ms]
2024-11-13 20:29:54.120 [info] fatal: not a git repository (or any of the parent directories): .git
2024-11-13 20:29:54.161 [info] > git rev-parse --show-toplevel [27ms]
2024-11-13 20:29:54.162 [info] fatal: not a git repository (or any of the parent directories): .git
2024-11-13 20:29:54.304 [info] > git rev-parse --show-toplevel [36ms]
2024-11-13 20:29:54.305 [info] fatal: not a git repository (or any of the parent directories): .git
2024-11-13 20:29:54.475 [info] > git rev-parse --show-toplevel [147ms]
2024-11-13 20:29:54.476 [info] fatal: not a git repository (or any of the parent directories): .git
2024-11-13 20:29:54.521 [info] > git rev-parse --show-toplevel [22ms]
2024-11-13 20:29:54.522 [info] fatal: not a git repository (or any of the parent directories): .git
2024-11-13 20:29:54.597 [info] > git rev-parse --show-toplevel [21ms]
2024-11-13 20:29:54.598 [info] fatal: not a git repository (or any of the parent directories): .git
2024-11-13 20:29:54.625 [info] [Model][doInitialScan] Initial repository scan completed - repositories (0), closed repositories (0), parent repositories (0), unsafe repositories (0)
